# JRE version: OpenJDK Runtime Environment (17.0.11) (build 17.0.11+0--11852314)
# Java VM: OpenJDK 64-Bit Server VM (17.0.11+0--11852314, mixed mode, tiered, compressed oops, compressed class ptrs, g1 gc, windows-amd64)
GC Precious Log:
 CPUs: 8 total, 8 available
 Memory: 6057M
 Large Page Support: Disabled
 NUMA Support: Disabled
 Compressed Oops: Enabled (32-bit)
 Heap Region Size: 1M
 Heap Min Capacity: 8M
 Heap Initial Capacity: 96M
 Heap Max Capacity: 2G
 Pre-touch: Disabled
 Parallel Workers: 8
 Concurrent Workers: 2
 Concurrent Refinement Workers: 8
 Periodic GC: Disabled
Heap:
 garbage-first heap   total 94208K, used 62425K [0x0000000080000000, 0x0000000100000000)
  region size 1024K, 11 young (11264K), 1 survivors (1024K)
 Metaspace       used 60408K, committed 60992K, reserved 1114112K
  class space    used 8298K, committed 8576K, reserved 1048576K
GC Heap History (20 events):
Event: 14.718 GC heap before
{Heap before GC invocations=14 (full 0):
 garbage-first heap   total 75776K, used 61208K [0x0000000080000000, 0x0000000100000000)
  region size 1024K, 27 young (27648K), 3 survivors (3072K)
 Metaspace       used 55576K, committed 56128K, reserved 1114112K
  class space    used 7640K, committed 7936K, reserved 1048576K
}
Event: 14.724 GC heap after
{Heap after GC invocations=15 (full 0):
 garbage-first heap   total 75776K, used 36847K [0x0000000080000000, 0x0000000100000000)
  region size 1024K, 4 young (4096K), 4 survivors (4096K)
 Metaspace       used 55576K, committed 56128K, reserved 1114112K
  class space    used 7640K, committed 7936K, reserved 1048576K
}
Event: 15.429 GC heap before
{Heap before GC invocations=15 (full 0):
 garbage-first heap   total 75776K, used 58351K [0x0000000080000000, 0x0000000100000000)
  region size 1024K, 26 young (26624K), 4 survivors (4096K)
 Metaspace       used 56384K, committed 56896K, reserved 1114112K
  class space    used 7737K, committed 8000K, reserved 1048576K
}
Event: 15.436 GC heap after
{Heap after GC invocations=16 (full 0):
 garbage-first heap   total 75776K, used 40148K [0x0000000080000000, 0x0000000100000000)
  region size 1024K, 4 young (4096K), 4 survivors (4096K)
 Metaspace       used 56384K, committed 56896K, reserved 1114112K
  class space    used 7737K, committed 8000K, reserved 1048576K
}
Event: 16.022 GC heap before
{Heap before GC invocations=17 (full 0):
 garbage-first heap   total 75776K, used 60628K [0x0000000080000000, 0x0000000100000000)
  region size 1024K, 23 young (23552K), 4 survivors (4096K)
 Metaspace       used 56732K, committed 57344K, reserved 1114112K
  class space    used 7774K, committed 8064K, reserved 1048576K
}
Event: 16.026 GC heap after
{Heap after GC invocations=18 (full 0):
 garbage-first heap   total 75776K, used 43789K [0x0000000080000000, 0x0000000100000000)
  region size 1024K, 3 young (3072K), 3 survivors (3072K)
 Metaspace       used 56732K, committed 57344K, reserved 1114112K
  class space    used 7774K, committed 8064K, reserved 1048576K
}
Event: 16.070 GC heap before
{Heap before GC invocations=18 (full 0):
 garbage-first heap   total 75776K, used 44813K [0x0000000080000000, 0x0000000100000000)
  region size 1024K, 4 young (4096K), 3 survivors (3072K)
 Metaspace       used 56778K, committed 57344K, reserved 1114112K
  class space    used 7784K, committed 8064K, reserved 1048576K
}
Event: 16.074 GC heap after
{Heap after GC invocations=19 (full 0):
 garbage-first heap   total 75776K, used 44672K [0x0000000080000000, 0x0000000100000000)
  region size 1024K, 1 young (1024K), 1 survivors (1024K)
 Metaspace       used 56778K, committed 57344K, reserved 1114112K
  class space    used 7784K, committed 8064K, reserved 1048576K
}
Event: 16.310 GC heap before
{Heap before GC invocations=19 (full 0):
 garbage-first heap   total 75776K, used 46720K [0x0000000080000000, 0x0000000100000000)
  region size 1024K, 5 young (5120K), 1 survivors (1024K)
 Metaspace       used 57058K, committed 57664K, reserved 1114112K
  class space    used 7838K, committed 8128K, reserved 1048576K
}
Event: 16.312 GC heap after
{Heap after GC invocations=20 (full 0):
 garbage-first heap   total 75776K, used 45077K [0x0000000080000000, 0x0000000100000000)
  region size 1024K, 2 young (2048K), 2 survivors (2048K)
 Metaspace       used 57058K, committed 57664K, reserved 1114112K
  class space    used 7838K, committed 8128K, reserved 1048576K
}
Event: 17.175 GC heap before
{Heap before GC invocations=21 (full 0):
 garbage-first heap   total 81920K, used 63509K [0x0000000080000000, 0x0000000100000000)
  region size 1024K, 17 young (17408K), 2 survivors (2048K)
 Metaspace       used 57766K, committed 58368K, reserved 1114112K
  class space    used 7948K, committed 8256K, reserved 1048576K
}
Event: 17.178 GC heap after
{Heap after GC invocations=22 (full 0):
 garbage-first heap   total 81920K, used 52153K [0x0000000080000000, 0x0000000100000000)
  region size 1024K, 3 young (3072K), 3 survivors (3072K)
 Metaspace       used 57766K, committed 58368K, reserved 1114112K
  class space    used 7948K, committed 8256K, reserved 1048576K
}
Event: 17.209 GC heap before
{Heap before GC invocations=22 (full 0):
 garbage-first heap   total 81920K, used 52153K [0x0000000080000000, 0x0000000100000000)
  region size 1024K, 4 young (4096K), 3 survivors (3072K)
 Metaspace       used 57878K, committed 58432K, reserved 1114112K
  class space    used 7963K, committed 8256K, reserved 1048576K
}
Event: 17.212 GC heap after
{Heap after GC invocations=23 (full 0):
 garbage-first heap   total 81920K, used 51547K [0x0000000080000000, 0x0000000100000000)
  region size 1024K, 1 young (1024K), 1 survivors (1024K)
 Metaspace       used 57878K, committed 58432K, reserved 1114112K
  class space    used 7963K, committed 8256K, reserved 1048576K
}
Event: 17.331 GC heap before
{Heap before GC invocations=23 (full 0):
 garbage-first heap   total 81920K, used 57691K [0x0000000080000000, 0x0000000100000000)
  region size 1024K, 8 young (8192K), 1 survivors (1024K)
 Metaspace       used 58280K, committed 58816K, reserved 1114112K
  class space    used 7997K, committed 8256K, reserved 1048576K
}
Event: 17.333 GC heap after
{Heap after GC invocations=24 (full 0):
 garbage-first heap   total 81920K, used 52059K [0x0000000080000000, 0x0000000100000000)
  region size 1024K, 1 young (1024K), 1 survivors (1024K)
 Metaspace       used 58280K, committed 58816K, reserved 1114112K
  class space    used 7997K, committed 8256K, reserved 1048576K
}
Event: 17.751 GC heap before
{Heap before GC invocations=25 (full 0):
 garbage-first heap   total 94208K, used 66395K [0x0000000080000000, 0x0000000100000000)
  region size 1024K, 15 young (15360K), 1 survivors (1024K)
 Metaspace       used 59387K, committed 60032K, reserved 1114112K
  class space    used 8148K, committed 8448K, reserved 1048576K
}
Event: 17.752 GC heap after
{Heap after GC invocations=26 (full 0):
 garbage-first heap   total 94208K, used 53499K [0x0000000080000000, 0x0000000100000000)
  region size 1024K, 2 young (2048K), 2 survivors (2048K)
 Metaspace       used 59387K, committed 60032K, reserved 1114112K
  class space    used 8148K, committed 8448K, reserved 1048576K
}
Event: 17.795 GC heap before
{Heap before GC invocations=26 (full 0):
 garbage-first heap   total 94208K, used 55547K [0x0000000080000000, 0x0000000100000000)
  region size 1024K, 4 young (4096K), 2 survivors (2048K)
 Metaspace       used 59540K, committed 60160K, reserved 1114112K
  class space    used 8173K, committed 8448K, reserved 1048576K
}
Event: 17.798 GC heap after
{Heap after GC invocations=27 (full 0):
 garbage-first heap   total 94208K, used 53209K [0x0000000080000000, 0x0000000100000000)
  region size 1024K, 1 young (1024K), 1 survivors (1024K)
 Metaspace       used 59540K, committed 60160K, reserved 1114112K
  class space    used 8173K, committed 8448K, reserved 1048576K
}

