# JRE version: OpenJDK Runtime Environment (17.0.11) (build 17.0.11+0--11852314)
# Java VM: OpenJDK 64-Bit Server VM (17.0.11+0--11852314, mixed mode, tiered, compressed oops, compressed class ptrs, g1 gc, windows-amd64)
GC Precious Log:
 CPUs: 8 total, 8 available
 Memory: 6057M
 Large Page Support: Disabled
 NUMA Support: Disabled
 Compressed Oops: Enabled (32-bit)
 Heap Region Size: 1M
 Heap Min Capacity: 8M
 Heap Initial Capacity: 96M
 Heap Max Capacity: 2G
 Pre-touch: Disabled
 Parallel Workers: 8
 Concurrent Workers: 2
 Concurrent Refinement Workers: 8
 Periodic GC: Disabled
Heap:
 garbage-first heap   total 252928K, used 137496K [0x0000000080000000, 0x0000000100000000)
  region size 1024K, 9 young (9216K), 9 survivors (9216K)
 Metaspace       used 119090K, committed 119872K, reserved 1179648K
  class space    used 16464K, committed 16832K, reserved 1048576K
GC Heap History (20 events):
Event: 28.208 GC heap after
{Heap after GC invocations=36 (full 0):
 garbage-first heap   total 205824K, used 108676K [0x0000000080000000, 0x0000000100000000)
  region size 1024K, 11 young (11264K), 11 survivors (11264K)
 Metaspace       used 102912K, committed 103680K, reserved 1179648K
  class space    used 14186K, committed 14592K, reserved 1048576K
}
Event: 29.103 GC heap before
{Heap before GC invocations=36 (full 0):
 garbage-first heap   total 205824K, used 178308K [0x0000000080000000, 0x0000000100000000)
  region size 1024K, 63 young (64512K), 11 survivors (11264K)
 Metaspace       used 105931K, committed 106752K, reserved 1179648K
  class space    used 14471K, committed 14848K, reserved 1048576K
}
Event: 29.117 GC heap after
{Heap after GC invocations=37 (full 0):
 garbage-first heap   total 205824K, used 114855K [0x0000000080000000, 0x0000000100000000)
  region size 1024K, 5 young (5120K), 5 survivors (5120K)
 Metaspace       used 105931K, committed 106752K, reserved 1179648K
  class space    used 14471K, committed 14848K, reserved 1048576K
}
Event: 29.751 GC heap before
{Heap before GC invocations=37 (full 0):
 garbage-first heap   total 205824K, used 165031K [0x0000000080000000, 0x0000000100000000)
  region size 1024K, 55 young (56320K), 5 survivors (5120K)
 Metaspace       used 106652K, committed 107392K, reserved 1179648K
  class space    used 14547K, committed 14912K, reserved 1048576K
}
Event: 29.764 GC heap after
{Heap after GC invocations=38 (full 0):
 garbage-first heap   total 205824K, used 120890K [0x0000000080000000, 0x0000000100000000)
  region size 1024K, 7 young (7168K), 7 survivors (7168K)
 Metaspace       used 106652K, committed 107392K, reserved 1179648K
  class space    used 14547K, committed 14912K, reserved 1048576K
}
Event: 30.386 GC heap before
{Heap before GC invocations=38 (full 0):
 garbage-first heap   total 205824K, used 166970K [0x0000000080000000, 0x0000000100000000)
  region size 1024K, 53 young (54272K), 7 survivors (7168K)
 Metaspace       used 108936K, committed 109632K, reserved 1179648K
  class space    used 14790K, committed 15104K, reserved 1048576K
}
Event: 30.396 GC heap after
{Heap after GC invocations=39 (full 0):
 garbage-first heap   total 205824K, used 126847K [0x0000000080000000, 0x0000000100000000)
  region size 1024K, 7 young (7168K), 7 survivors (7168K)
 Metaspace       used 108936K, committed 109632K, reserved 1179648K
  class space    used 14790K, committed 15104K, reserved 1048576K
}
Event: 30.561 GC heap before
{Heap before GC invocations=39 (full 0):
 garbage-first heap   total 205824K, used 167807K [0x0000000080000000, 0x0000000100000000)
  region size 1024K, 48 young (49152K), 7 survivors (7168K)
 Metaspace       used 109798K, committed 110528K, reserved 1179648K
  class space    used 14896K, committed 15232K, reserved 1048576K
}
Event: 30.571 GC heap after
{Heap after GC invocations=40 (full 0):
 garbage-first heap   total 247808K, used 134603K [0x0000000080000000, 0x0000000100000000)
  region size 1024K, 6 young (6144K), 6 survivors (6144K)
 Metaspace       used 109798K, committed 110528K, reserved 1179648K
  class space    used 14896K, committed 15232K, reserved 1048576K
}
Event: 31.645 GC heap before
{Heap before GC invocations=40 (full 0):
 garbage-first heap   total 247808K, used 192971K [0x0000000080000000, 0x0000000100000000)
  region size 1024K, 64 young (65536K), 6 survivors (6144K)
 Metaspace       used 113901K, committed 114624K, reserved 1179648K
  class space    used 15530K, committed 15872K, reserved 1048576K
}
Event: 31.654 GC heap after
{Heap after GC invocations=41 (full 0):
 garbage-first heap   total 247808K, used 141554K [0x0000000080000000, 0x0000000100000000)
  region size 1024K, 7 young (7168K), 7 survivors (7168K)
 Metaspace       used 113901K, committed 114624K, reserved 1179648K
  class space    used 15530K, committed 15872K, reserved 1048576K
}
Event: 32.105 GC heap before
{Heap before GC invocations=41 (full 0):
 garbage-first heap   total 247808K, used 197874K [0x0000000080000000, 0x0000000100000000)
  region size 1024K, 62 young (63488K), 7 survivors (7168K)
 Metaspace       used 115482K, committed 116224K, reserved 1179648K
  class space    used 15798K, committed 16128K, reserved 1048576K
}
Event: 32.122 GC heap after
{Heap after GC invocations=42 (full 0):
 garbage-first heap   total 247808K, used 151796K [0x0000000080000000, 0x0000000100000000)
  region size 1024K, 8 young (8192K), 8 survivors (8192K)
 Metaspace       used 115482K, committed 116224K, reserved 1179648K
  class space    used 15798K, committed 16128K, reserved 1048576K
}
Event: 32.218 GC heap before
{Heap before GC invocations=42 (full 0):
 garbage-first heap   total 247808K, used 162036K [0x0000000080000000, 0x0000000100000000)
  region size 1024K, 19 young (19456K), 8 survivors (8192K)
 Metaspace       used 115685K, committed 116416K, reserved 1179648K
  class space    used 15827K, committed 16192K, reserved 1048576K
}
Event: 32.234 GC heap after
{Heap after GC invocations=43 (full 0):
 garbage-first heap   total 247808K, used 155306K [0x0000000080000000, 0x0000000100000000)
  region size 1024K, 3 young (3072K), 3 survivors (3072K)
 Metaspace       used 115685K, committed 116416K, reserved 1179648K
  class space    used 15827K, committed 16192K, reserved 1048576K
}
Event: 32.943 GC heap before
{Heap before GC invocations=44 (full 0):
 garbage-first heap   total 252928K, used 185002K [0x0000000080000000, 0x0000000100000000)
  region size 1024K, 48 young (49152K), 3 survivors (3072K)
 Metaspace       used 116565K, committed 117312K, reserved 1179648K
  class space    used 15976K, committed 16320K, reserved 1048576K
}
Event: 32.961 GC heap after
{Heap after GC invocations=45 (full 0):
 garbage-first heap   total 252928K, used 146137K [0x0000000080000000, 0x0000000100000000)
  region size 1024K, 6 young (6144K), 6 survivors (6144K)
 Metaspace       used 116565K, committed 117312K, reserved 1179648K
  class space    used 15976K, committed 16320K, reserved 1048576K
}
Event: 32.984 GC heap before
{Heap before GC invocations=45 (full 0):
 garbage-first heap   total 252928K, used 152281K [0x0000000080000000, 0x0000000100000000)
  region size 1024K, 12 young (12288K), 6 survivors (6144K)
 Metaspace       used 116566K, committed 117312K, reserved 1179648K
  class space    used 15976K, committed 16320K, reserved 1048576K
}
Event: 32.998 GC heap after
{Heap after GC invocations=46 (full 0):
 garbage-first heap   total 252928K, used 128659K [0x0000000080000000, 0x0000000100000000)
  region size 1024K, 2 young (2048K), 2 survivors (2048K)
 Metaspace       used 116566K, committed 117312K, reserved 1179648K
  class space    used 15976K, committed 16320K, reserved 1048576K
}
Event: 33.423 GC heap before
{Heap before GC invocations=46 (full 0):
 garbage-first heap   total 252928K, used 195219K [0x0000000080000000, 0x0000000100000000)
  region size 1024K, 68 young (69632K), 2 survivors (2048K)
 Metaspace       used 119090K, committed 119872K, reserved 1179648K
  class space    used 16464K, committed 16832K, reserved 1048576K
}

